<?xml version="1.0" encoding="UTF-8"?>
<testsuite hostname="Samir-PC" name="packTwo.Annotations" tests="13" failures="0" timestamp="24 Oct 2016 19:03:43 GMT" time="0.225" errors="0">
  <testcase name="OpeningBrowser" time="0.005" classname="packTwo.DependenyAnnot"/>
  <testcase name="FlightBooking" time="0.001" classname="packTwo.DependenyAnnot"/>
  <testcase name="OpeningBrowser" time="0.001" classname="testngFiles.DependenyAnnot"/>
  <testcase name="FlightBooking" time="0.001" classname="testngFiles.DependenyAnnot"/>
  <testcase name="FlightBooking" time="0.0" classname="packTwo.Annotations"/>
  <testcase name="FlightCancel" time="0.001" classname="packTwo.Annotations"/>
  <testcase name="OpeningBrowser" time="0.002" classname="packTwo.Annotations"/>
  <testcase name="Timerelated" time="0.103" classname="packTwo.DependenyAnnot"/>
  <testcase name="Timerelated" time="0.018" classname="testngFiles.DependenyAnnot"/>
  <testcase name="FlightBooking" time="0.003" classname="testngFiles.Annotations">
    <skipped/>
  </testcase>
  <testcase name="OpeningBrowser" time="0.001" classname="testngFiles.Annotations"/>
  <testcase name="software" time="0.003" classname="testngFiles.Annot2"/>
  <testcase name="software" time="0.001" classname="packTwo.Annot2"/>
</testsuite>
